Buildfile: c:\jts-test\source\entity-jts1\build.xml

prepare:

compile:
    [javac] c:\jts-test\source\entity-jts1\build.xml:52: warning: 'includeantruntime' was not set, defaulting to build.sysclasspath=last; set to false for repeatable builds

ejbjar:

run:
     [java] InitialContext created for Client
     [java] buyStuff
     [java] Buying 2 memory sticks
     [java] Buying a laptop
     [java] Print cart:
     [java] Total: $3000.0
     [java] 2     Memory stick     1000.0
     [java] 1     Laptop     2000.0
     [java] Checkout purchase: 0
     [java] Buying 2 memory sticks
     [java] Buying a laptop
     [java] Print cart:
     [java] Total: $3000.0
     [java] 2     Memory stick     1000.0
     [java] 1     Laptop     2000.0
     [java] Checkout purchase: 1
     [java] Buying 2 memory sticks
     [java] Buying a laptop
     [java] Print cart:
     [java] Total: $3000.0
     [java] 2     Memory stick     1000.0
     [java] 1     Laptop     2000.0
     [java] Checkout purchase: 2
     [java] Buying 2 memory sticks
     [java] Buying a laptop
     [java] Print cart:
     [java] Total: $3000.0
     [java] 2     Memory stick     1000.0
     [java] 1     Laptop     2000.0
     [java] Checkout purchase: 3
     [java] Buying 2 memory sticks
     [java] Buying a laptop
     [java] Print cart:
     [java] Total: $3000.0
     [java] 2     Memory stick     1000.0
     [java] 1     Laptop     2000.0
     [java] Checkout purchase: 4
     [java] Buying 2 memory sticks
     [java] Buying a laptop
     [java] Print cart:
     [java] Total: $3000.0
     [java] 2     Memory stick     1000.0
     [java] 1     Laptop     2000.0
     [java] Checkout purchase: 5
     [java] Buying 2 memory sticks
     [java] Buying a laptop
     [java] Print cart:
     [java] Total: $3000.0
     [java] 2     Memory stick     1000.0
     [java] 1     Laptop     2000.0
     [java] Checkout purchase: 6
     [java] Buying 2 memory sticks
     [java] Buying a laptop
     [java] Print cart:
     [java] Total: $3000.0
     [java] 2     Memory stick     1000.0
     [java] 1     Laptop     2000.0
     [java] Checkout purchase: 7
     [java] Buying 2 memory sticks
     [java] Buying a laptop
     [java] Print cart:
     [java] Total: $3000.0
     [java] 2     Memory stick     1000.0
     [java] 1     Laptop     2000.0
     [java] Checkout purchase: 8
     [java] Buying 2 memory sticks
     [java] Buying a laptop
     [java] Print cart:
     [java] Total: $3000.0
     [java] 2     Memory stick     1000.0
     [java] 1     Laptop     2000.0
     [java] Checkout purchase: 9
     [java] Buying 2 memory sticks
     [java] Buying a laptop
     [java] Print cart:
     [java] Total: $3000.0
     [java] 2     Memory stick     1000.0
     [java] 1     Laptop     2000.0
     [java] Checkout purchase: 10
     [java] Buying 2 memory sticks
     [java] Buying a laptop
     [java] Print cart:
     [java] Total: $3000.0
     [java] 2     Memory stick     1000.0
     [java] 1     Laptop     2000.0
     [java] Checkout purchase: 11
     [java] Buying 2 memory sticks
     [java] Buying a laptop
     [java] Print cart:
     [java] Total: $3000.0
     [java] 2     Memory stick     1000.0
     [java] 1     Laptop     2000.0
     [java] Checkout purchase: 12
     [java] Buying 2 memory sticks
     [java] Buying a laptop
     [java] Print cart:
     [java] Total: $3000.0
     [java] 2     Memory stick     1000.0
     [java] 1     Laptop     2000.0
     [java] Checkout purchase: 13
     [java] Buying 2 memory sticks
     [java] Buying a laptop
     [java] Print cart:
     [java] Total: $3000.0
     [java] 2     Memory stick     1000.0
     [java] 1     Laptop     2000.0
     [java] Checkout purchase: 14
     [java] Buying 2 memory sticks
     [java] Buying a laptop
     [java] Print cart:
     [java] Total: $3000.0
     [java] 2     Memory stick     1000.0
     [java] 1     Laptop     2000.0
     [java] Checkout purchase: 15
     [java] Buying 2 memory sticks
     [java] Buying a laptop
     [java] Print cart:
     [java] Total: $3000.0
     [java] 2     Memory stick     1000.0
     [java] 1     Laptop     2000.0
     [java] Checkout purchase: 16
     [java] Buying 2 memory sticks
     [java] Buying a laptop
     [java] Print cart:
     [java] Total: $3000.0
     [java] 2     Memory stick     1000.0
     [java] 1     Laptop     2000.0
     [java] Checkout purchase: 17
     [java] Buying 2 memory sticks
     [java] Buying a laptop
     [java] Print cart:
     [java] Total: $3000.0
     [java] 2     Memory stick     1000.0
     [java] 1     Laptop     2000.0
     [java] Checkout purchase: 18
     [java] Buying 2 memory sticks
     [java] Buying a laptop
     [java] Print cart:
     [java] Total: $3000.0
     [java] 2     Memory stick     1000.0
     [java] 1     Laptop     2000.0
     [java] Checkout purchase: 19
     [java] Buying 2 memory sticks
     [java] Buying a laptop
     [java] Print cart:
     [java] Total: $3000.0
     [java] 2     Memory stick     1000.0
     [java] 1     Laptop     2000.0
     [java] Checkout purchase: 20
     [java] Buying 2 memory sticks
     [java] Buying a laptop
     [java] Print cart:
     [java] Total: $3000.0
     [java] 2     Memory stick     1000.0
     [java] 1     Laptop     2000.0
     [java] Checkout purchase: 21
     [java] Buying 2 memory sticks
     [java] Buying a laptop
     [java] Print cart:
     [java] Total: $3000.0
     [java] 2     Memory stick     1000.0
     [java] 1     Laptop     2000.0
     [java] Checkout purchase: 22
     [java] Buying 2 memory sticks
     [java] Buying a laptop
     [java] Print cart:
     [java] Total: $3000.0
     [java] 2     Memory stick     1000.0
     [java] 1     Laptop     2000.0
     [java] Checkout purchase: 23
     [java] Buying 2 memory sticks
     [java] Buying a laptop
     [java] Print cart:
     [java] Total: $3000.0
     [java] 2     Memory stick     1000.0
     [java] 1     Laptop     2000.0
     [java] Checkout purchase: 24
     [java] Buying 2 memory sticks
     [java] Buying a laptop
     [java] Print cart:
     [java] Total: $3000.0
     [java] 2     Memory stick     1000.0
     [java] 1     Laptop     2000.0
     [java] Checkout purchase: 25
     [java] Buying 2 memory sticks
     [java] Buying a laptop
     [java] Print cart:
     [java] Total: $3000.0
     [java] 2     Memory stick     1000.0
     [java] 1     Laptop     2000.0
     [java] Checkout purchase: 26
     [java] Buying 2 memory sticks
     [java] Buying a laptop
     [java] Print cart:
     [java] Total: $3000.0
     [java] 2     Memory stick     1000.0
     [java] 1     Laptop     2000.0
     [java] Checkout purchase: 27
     [java] Buying 2 memory sticks
     [java] Buying a laptop
     [java] Print cart:
     [java] Total: $3000.0
     [java] 2     Memory stick     1000.0
     [java] 1     Laptop     2000.0
     [java] Checkout purchase: 28
     [java] Buying 2 memory sticks
     [java] Buying a laptop
     [java] Print cart:
     [java] Total: $3000.0
     [java] 2     Memory stick     1000.0
     [java] 1     Laptop     2000.0
     [java] Checkout purchase: 29
     [java] Buying 2 memory sticks
     [java] Buying a laptop
     [java] Print cart:
     [java] Total: $3000.0
     [java] 2     Memory stick     1000.0
     [java] 1     Laptop     2000.0
     [java] Checkout purchase: 30
     [java] Buying 2 memory sticks
     [java] Buying a laptop
     [java] Print cart:
     [java] Total: $3000.0
     [java] 2     Memory stick     1000.0
     [java] 1     Laptop     2000.0
     [java] Checkout purchase: 31
     [java] Buying 2 memory sticks
     [java] Buying a laptop
     [java] Print cart:
     [java] Total: $3000.0
     [java] 2     Memory stick     1000.0
     [java] 1     Laptop     2000.0
     [java] Checkout purchase: 32
     [java] Buying 2 memory sticks
     [java] Buying a laptop
     [java] Print cart:
     [java] Total: $3000.0
     [java] 2     Memory stick     1000.0
     [java] 1     Laptop     2000.0
     [java] Checkout purchase: 33
     [java] Buying 2 memory sticks
     [java] Buying a laptop
     [java] Print cart:
     [java] Total: $3000.0
     [java] 2     Memory stick     1000.0
     [java] 1     Laptop     2000.0
     [java] Checkout purchase: 34
     [java] Buying 2 memory sticks
     [java] Buying a laptop
     [java] Print cart:
     [java] Total: $3000.0
     [java] 2     Memory stick     1000.0
     [java] 1     Laptop     2000.0
     [java] Checkout purchase: 35
     [java] Buying 2 memory sticks
     [java] Buying a laptop
     [java] Print cart:
     [java] Total: $3000.0
     [java] 2     Memory stick     1000.0
     [java] 1     Laptop     2000.0
     [java] Checkout purchase: 36
     [java] Buying 2 memory sticks
     [java] Buying a laptop
     [java] Print cart:
     [java] Total: $3000.0
     [java] 2     Memory stick     1000.0
     [java] 1     Laptop     2000.0
     [java] Checkout purchase: 37
     [java] Buying 2 memory sticks
     [java] Buying a laptop
     [java] Print cart:
     [java] Total: $3000.0
     [java] 2     Memory stick     1000.0
     [java] 1     Laptop     2000.0
     [java] Checkout purchase: 38
     [java] Buying 2 memory sticks
     [java] Buying a laptop
     [java] Print cart:
     [java] Total: $3000.0
     [java] 2     Memory stick     1000.0
     [java] 1     Laptop     2000.0
     [java] Checkout purchase: 39
     [java] Buying 2 memory sticks
     [java] Buying a laptop
     [java] Print cart:
     [java] Total: $3000.0
     [java] 2     Memory stick     1000.0
     [java] 1     Laptop     2000.0
     [java] Checkout purchase: 40
     [java] Buying 2 memory sticks
     [java] Buying a laptop
     [java] Print cart:
     [java] Total: $3000.0
     [java] 2     Memory stick     1000.0
     [java] 1     Laptop     2000.0
     [java] Checkout purchase: 41
     [java] Buying 2 memory sticks
     [java] Buying a laptop
     [java] Print cart:
     [java] Total: $3000.0
     [java] 2     Memory stick     1000.0
     [java] 1     Laptop     2000.0
     [java] Checkout purchase: 42
     [java] Buying 2 memory sticks
     [java] Buying a laptop
     [java] Print cart:
     [java] Total: $3000.0
     [java] 2     Memory stick     1000.0
     [java] 1     Laptop     2000.0
     [java] Checkout purchase: 43
     [java] Buying 2 memory sticks
     [java] Buying a laptop
     [java] Print cart:
     [java] Total: $3000.0
     [java] 2     Memory stick     1000.0
     [java] 1     Laptop     2000.0
     [java] Checkout purchase: 44
     [java] Buying 2 memory sticks
     [java] Buying a laptop
     [java] Print cart:
     [java] Total: $3000.0
     [java] 2     Memory stick     1000.0
     [java] 1     Laptop     2000.0
     [java] Checkout purchase: 45
     [java] Buying 2 memory sticks
     [java] Buying a laptop
     [java] Print cart:
     [java] Total: $3000.0
     [java] 2     Memory stick     1000.0
     [java] 1     Laptop     2000.0
     [java] Checkout purchase: 46
     [java] Buying 2 memory sticks
     [java] Buying a laptop
     [java] Print cart:
     [java] Total: $3000.0
     [java] 2     Memory stick     1000.0
     [java] 1     Laptop     2000.0
     [java] Checkout purchase: 47
     [java] Buying 2 memory sticks
     [java] Buying a laptop
     [java] Print cart:
     [java] Total: $3000.0
     [java] 2     Memory stick     1000.0
     [java] 1     Laptop     2000.0
     [java] Checkout purchase: 48
     [java] Buying 2 memory sticks
     [java] Buying a laptop
     [java] Print cart:
     [java] Total: $3000.0
     [java] 2     Memory stick     1000.0
     [java] 1     Laptop     2000.0
     [java] Checkout purchase: 49
     [java] Buying 2 memory sticks
     [java] Buying a laptop
     [java] Print cart:
     [java] Total: $3000.0
     [java] 2     Memory stick     1000.0
     [java] 1     Laptop     2000.0
     [java] Checkout purchase: 50
     [java] Buying 2 memory sticks
     [java] Buying a laptop
     [java] Print cart:
     [java] Total: $3000.0
     [java] 2     Memory stick     1000.0
     [java] 1     Laptop     2000.0
     [java] Checkout purchase: 51
     [java] Buying 2 memory sticks
     [java] Buying a laptop
     [java] Print cart:
     [java] Total: $3000.0
     [java] 2     Memory stick     1000.0
     [java] 1     Laptop     2000.0
     [java] Checkout purchase: 52
     [java] Buying 2 memory sticks
     [java] Buying a laptop
     [java] Print cart:
     [java] Total: $3000.0
     [java] 2     Memory stick     1000.0
     [java] 1     Laptop     2000.0
     [java] Checkout purchase: 53
     [java] Buying 2 memory sticks
     [java] Buying a laptop
     [java] Print cart:
     [java] Total: $3000.0
     [java] 2     Memory stick     1000.0
     [java] 1     Laptop     2000.0
     [java] Checkout purchase: 54
     [java] Buying 2 memory sticks
     [java] Buying a laptop
     [java] Print cart:
     [java] Total: $3000.0
     [java] 2     Memory stick     1000.0
     [java] 1     Laptop     2000.0
     [java] Checkout purchase: 55
     [java] Buying 2 memory sticks
     [java] Buying a laptop
     [java] Print cart:
     [java] Total: $3000.0
     [java] 2     Memory stick     1000.0
     [java] 1     Laptop     2000.0
     [java] Checkout purchase: 56
     [java] Buying 2 memory sticks
     [java] Buying a laptop
     [java] Print cart:
     [java] Total: $3000.0
     [java] 2     Memory stick     1000.0
     [java] 1     Laptop     2000.0
     [java] Checkout purchase: 57
     [java] Buying 2 memory sticks
     [java] Buying a laptop
     [java] Print cart:
     [java] Total: $3000.0
     [java] 2     Memory stick     1000.0
     [java] 1     Laptop     2000.0
     [java] Checkout purchase: 58
     [java] Buying 2 memory sticks
     [java] Buying a laptop
     [java] Print cart:
     [java] Total: $3000.0
     [java] 2     Memory stick     1000.0
     [java] 1     Laptop     2000.0
     [java] Checkout purchase: 59
     [java] Buying 2 memory sticks
     [java] Buying a laptop
     [java] Print cart:
     [java] Total: $3000.0
     [java] 2     Memory stick     1000.0
     [java] 1     Laptop     2000.0
     [java] Checkout purchase: 60
     [java] Buying 2 memory sticks
     [java] Buying a laptop
     [java] Print cart:
     [java] Total: $3000.0
     [java] 2     Memory stick     1000.0
     [java] 1     Laptop     2000.0
     [java] Checkout purchase: 61
     [java] Buying 2 memory sticks
     [java] Buying a laptop
     [java] Print cart:
     [java] Total: $3000.0
     [java] 2     Memory stick     1000.0
     [java] 1     Laptop     2000.0
     [java] Checkout purchase: 62
     [java] Buying 2 memory sticks
     [java] Buying a laptop
     [java] Print cart:
     [java] Total: $3000.0
     [java] 2     Memory stick     1000.0
     [java] 1     Laptop     2000.0
     [java] Checkout purchase: 63
     [java] Buying 2 memory sticks
     [java] Buying a laptop
     [java] Print cart:
     [java] Total: $3000.0
     [java] 2     Memory stick     1000.0
     [java] 1     Laptop     2000.0
     [java] Checkout purchase: 64
     [java] Buying 2 memory sticks
     [java] Buying a laptop
     [java] Print cart:
     [java] Total: $3000.0
     [java] 2     Memory stick     1000.0
     [java] 1     Laptop     2000.0
     [java] Checkout purchase: 65
     [java] Buying 2 memory sticks
     [java] Buying a laptop
     [java] Print cart:
     [java] Total: $3000.0
     [java] 2     Memory stick     1000.0
     [java] 1     Laptop     2000.0
     [java] Checkout purchase: 66
     [java] Buying 2 memory sticks
     [java] Buying a laptop
     [java] Print cart:
     [java] Total: $3000.0
     [java] 2     Memory stick     1000.0
     [java] 1     Laptop     2000.0
     [java] Checkout purchase: 67
     [java] Buying 2 memory sticks
     [java] Buying a laptop
     [java] Print cart:
     [java] Total: $3000.0
     [java] 2     Memory stick     1000.0
     [java] 1     Laptop     2000.0
     [java] Checkout purchase: 68
     [java] Buying 2 memory sticks
     [java] Buying a laptop
     [java] Print cart:
     [java] Total: $3000.0
     [java] 2     Memory stick     1000.0
     [java] 1     Laptop     2000.0
     [java] Checkout purchase: 69
     [java] Buying 2 memory sticks
     [java] Buying a laptop
     [java] Print cart:
     [java] Total: $3000.0
     [java] 2     Memory stick     1000.0
     [java] 1     Laptop     2000.0
     [java] Checkout purchase: 70
     [java] Buying 2 memory sticks
     [java] Buying a laptop
     [java] Print cart:
     [java] Total: $3000.0
     [java] 2     Memory stick     1000.0
     [java] 1     Laptop     2000.0
     [java] Checkout purchase: 71
     [java] Buying 2 memory sticks
     [java] Buying a laptop
     [java] Print cart:
     [java] Total: $3000.0
     [java] 2     Memory stick     1000.0
     [java] 1     Laptop     2000.0
     [java] Checkout purchase: 72
     [java] Buying 2 memory sticks
     [java] Buying a laptop
     [java] Print cart:
     [java] Total: $3000.0
     [java] 2     Memory stick     1000.0
     [java] 1     Laptop     2000.0
     [java] Checkout purchase: 73
     [java] Buying 2 memory sticks
     [java] Buying a laptop
     [java] Print cart:
     [java] Total: $3000.0
     [java] 2     Memory stick     1000.0
     [java] 1     Laptop     2000.0
     [java] Checkout purchase: 74
     [java] Buying 2 memory sticks
     [java] Buying a laptop
     [java] Print cart:
     [java] Total: $3000.0
     [java] 2     Memory stick     1000.0
     [java] 1     Laptop     2000.0
     [java] Checkout purchase: 75
     [java] Buying 2 memory sticks
     [java] Buying a laptop
     [java] Print cart:
     [java] Total: $3000.0
     [java] 2     Memory stick     1000.0
     [java] 1     Laptop     2000.0
     [java] Checkout purchase: 76
     [java] Buying 2 memory sticks
     [java] Buying a laptop
     [java] Print cart:
     [java] Total: $3000.0
     [java] 2     Memory stick     1000.0
     [java] 1     Laptop     2000.0
     [java] Checkout purchase: 77
     [java] Buying 2 memory sticks
     [java] Buying a laptop
     [java] Print cart:
     [java] Total: $3000.0
     [java] 2     Memory stick     1000.0
     [java] 1     Laptop     2000.0
     [java] Checkout purchase: 78
     [java] Buying 2 memory sticks
     [java] Buying a laptop
     [java] Print cart:
     [java] Total: $3000.0
     [java] 2     Memory stick     1000.0
     [java] 1     Laptop     2000.0
     [java] Checkout purchase: 79
     [java] Buying 2 memory sticks
     [java] Buying a laptop
     [java] Print cart:
     [java] Total: $3000.0
     [java] 2     Memory stick     1000.0
     [java] 1     Laptop     2000.0
     [java] Checkout purchase: 80
     [java] Buying 2 memory sticks
     [java] Buying a laptop
     [java] Print cart:
     [java] Total: $3000.0
     [java] 2     Memory stick     1000.0
     [java] 1     Laptop     2000.0
     [java] Checkout purchase: 81
     [java] Buying 2 memory sticks
     [java] Buying a laptop
     [java] Print cart:
     [java] Total: $3000.0
     [java] 2     Memory stick     1000.0
     [java] 1     Laptop     2000.0
     [java] Checkout purchase: 82
     [java] Buying 2 memory sticks
     [java] Buying a laptop
     [java] Print cart:
     [java] Total: $3000.0
     [java] 2     Memory stick     1000.0
     [java] 1     Laptop     2000.0
     [java] Checkout purchase: 83
     [java] Buying 2 memory sticks
     [java] Buying a laptop
     [java] Print cart:
     [java] Total: $3000.0
     [java] 2     Memory stick     1000.0
     [java] 1     Laptop     2000.0
     [java] Checkout purchase: 84
     [java] Buying 2 memory sticks
     [java] Buying a laptop
     [java] Print cart:
     [java] Total: $3000.0
     [java] 2     Memory stick     1000.0
     [java] 1     Laptop     2000.0
     [java] Checkout purchase: 85
     [java] Buying 2 memory sticks
     [java] Buying a laptop
     [java] Print cart:
     [java] Total: $3000.0
     [java] 2     Memory stick     1000.0
     [java] 1     Laptop     2000.0
     [java] Checkout purchase: 86
     [java] Buying 2 memory sticks
     [java] Buying a laptop
     [java] Print cart:
     [java] Total: $3000.0
     [java] 2     Memory stick     1000.0
     [java] 1     Laptop     2000.0
     [java] Checkout purchase: 87
     [java] Buying 2 memory sticks
     [java] Buying a laptop
     [java] Print cart:
     [java] Total: $3000.0
     [java] 2     Memory stick     1000.0
     [java] 1     Laptop     2000.0
     [java] Checkout purchase: 88
     [java] Buying 2 memory sticks
     [java] Buying a laptop
     [java] Print cart:
     [java] Total: $3000.0
     [java] 2     Memory stick     1000.0
     [java] 1     Laptop     2000.0
     [java] Checkout purchase: 89
     [java] Buying 2 memory sticks
     [java] Buying a laptop
     [java] Print cart:
     [java] Total: $3000.0
     [java] 2     Memory stick     1000.0
     [java] 1     Laptop     2000.0
     [java] Checkout purchase: 90
     [java] Buying 2 memory sticks
     [java] Buying a laptop
     [java] Print cart:
     [java] Total: $3000.0
     [java] 2     Memory stick     1000.0
     [java] 1     Laptop     2000.0
     [java] Checkout purchase: 91
     [java] Buying 2 memory sticks
     [java] Buying a laptop
     [java] Print cart:
     [java] Total: $3000.0
     [java] 2     Memory stick     1000.0
     [java] 1     Laptop     2000.0
     [java] Checkout purchase: 92
     [java] Buying 2 memory sticks
     [java] Buying a laptop
     [java] Print cart:
     [java] Total: $3000.0
     [java] 2     Memory stick     1000.0
     [java] 1     Laptop     2000.0
     [java] Checkout purchase: 93
     [java] Buying 2 memory sticks
     [java] Buying a laptop
     [java] Print cart:
     [java] Total: $3000.0
     [java] 2     Memory stick     1000.0
     [java] 1     Laptop     2000.0
     [java] Checkout purchase: 94
     [java] Buying 2 memory sticks
     [java] Buying a laptop
     [java] Print cart:
     [java] Total: $3000.0
     [java] 2     Memory stick     1000.0
     [java] 1     Laptop     2000.0
     [java] Checkout purchase: 95
     [java] Buying 2 memory sticks
     [java] Buying a laptop
     [java] Print cart:
     [java] Total: $3000.0
     [java] 2     Memory stick     1000.0
     [java] 1     Laptop     2000.0
     [java] Checkout purchase: 96
     [java] Buying 2 memory sticks
     [java] Buying a laptop
     [java] Print cart:
     [java] Total: $3000.0
     [java] 2     Memory stick     1000.0
     [java] 1     Laptop     2000.0
     [java] Checkout purchase: 97
     [java] Buying 2 memory sticks
     [java] Buying a laptop
     [java] Print cart:
     [java] Total: $3000.0
     [java] 2     Memory stick     1000.0
     [java] 1     Laptop     2000.0
     [java] Checkout purchase: 98
     [java] Buying 2 memory sticks
     [java] Buying a laptop
     [java] Print cart:
     [java] Total: $3000.0
     [java] 2     Memory stick     1000.0
     [java] 1     Laptop     2000.0
     [java] Checkout purchase: 99
     [java] Buying 2 memory sticks
     [java] Buying a laptop
     [java] Print cart:
     [java] Total: $3000.0
     [java] 2     Memory stick     1000.0
     [java] 1     Laptop     2000.0
     [java] Checkout purchase: 100
     [java] iterations: 100 Run time: 58078

BUILD SUCCESSFUL
Total time: 59 seconds
